Determining if the function pthread_create exists in the pthreads failed with the following output:
Change Dir: /home/jonkim93/catkin_ws/src/raven_pose_estimator/build/CMakeFiles/CMakeTmp

Run Build Command:/usr/bin/make "cmTryCompileExec/fast"
make[1]: Entering directory `/home/jonkim93/catkin_ws/src/raven_pose_estimator/build/CMakeFiles/CMakeTmp'
/usr/bin/make -f CMakeFiles/cmTryCompileExec.dir/build.make CMakeFiles/cmTryCompileExec.dir/build
make[2]: Entering directory `/home/jonkim93/catkin_ws/src/raven_pose_estimator/build/CMakeFiles/CMakeTmp'
/usr/bin/cmake -E cmake_progress_report /home/jonkim93/catkin_ws/src/raven_pose_estimator/build/CMakeFiles/CMakeTmp/CMakeFiles 1
Building C object CMakeFiles/cmTryCompileExec.dir/CheckFunctionExists.c.o
/usr/bin/gcc   -DCHECK_FUNCTION_EXISTS=pthread_create   -o CMakeFiles/cmTryCompileExec.dir/CheckFunctionExists.c.o   -c /usr/share/cmake-2.8/Modules/CheckFunctionExists.c
Linking C executable cmTryCompileExec
/usr/bin/cmake -E cmake_link_script CMakeFiles/cmTryCompileExec.dir/link.txt --verbose=1
/usr/bin/gcc     -DCHECK_FUNCTION_EXISTS=pthread_create    CMakeFiles/cmTryCompileExec.dir/CheckFunctionExists.c.o  -o cmTryCompileExec -rdynamic -lpthreads 
/usr/bin/ld: cannot find -lpthreads
collect2: ld returned 1 exit status
make[2]: *** [cmTryCompileExec] Error 1
make[2]: Leaving directory `/home/jonkim93/catkin_ws/src/raven_pose_estimator/build/CMakeFiles/CMakeTmp'
make[1]: *** [cmTryCompileExec/fast] Error 2
make[1]: Leaving directory `/home/jonkim93/catkin_ws/src/raven_pose_estimator/build/CMakeFiles/CMakeTmp'


Determining if the pthread_create exist failed with the following output:
Change Dir: /home/meg/catkin_ws/src/raven_pose_estimator/build/CMakeFiles/CMakeTmp

Run Build Command:/usr/bin/make "cmTryCompileExec1297526574/fast"
make[1]: Entering directory `/home/meg/catkin_ws/src/raven_pose_estimator/build/CMakeFiles/CMakeTmp'
/usr/bin/make -f CMakeFiles/cmTryCompileExec1297526574.dir/build.make CMakeFiles/cmTryCompileExec1297526574.dir/build
make[2]: Entering directory `/home/meg/catkin_ws/src/raven_pose_estimator/build/CMakeFiles/CMakeTmp'
/usr/bin/cmake -E cmake_progress_report /home/meg/catkin_ws/src/raven_pose_estimator/build/CMakeFiles/CMakeTmp/CMakeFiles 1
Building C object CMakeFiles/cmTryCompileExec1297526574.dir/CheckSymbolExists.c.o
/usr/bin/gcc    -o CMakeFiles/cmTryCompileExec1297526574.dir/CheckSymbolExists.c.o   -c /home/meg/catkin_ws/src/raven_pose_estimator/build/CMakeFiles/CMakeTmp/CheckSymbolExists.c
Linking C executable cmTryCompileExec1297526574
/usr/bin/cmake -E cmake_link_script CMakeFiles/cmTryCompileExec1297526574.dir/link.txt --verbose=1
/usr/bin/gcc         CMakeFiles/cmTryCompileExec1297526574.dir/CheckSymbolExists.c.o  -o cmTryCompileExec1297526574 -rdynamic 
CMakeFiles/cmTryCompileExec1297526574.dir/CheckSymbolExists.c.o: In function `main':
CheckSymbolExists.c:(.text+0x16): undefined reference to `pthread_create'
collect2: error: ld returned 1 exit status
make[2]: *** [cmTryCompileExec1297526574] Error 1
make[2]: Leaving directory `/home/meg/catkin_ws/src/raven_pose_estimator/build/CMakeFiles/CMakeTmp'
make[1]: *** [cmTryCompileExec1297526574/fast] Error 2
make[1]: Leaving directory `/home/meg/catkin_ws/src/raven_pose_estimator/build/CMakeFiles/CMakeTmp'

File /home/meg/catkin_ws/src/raven_pose_estimator/build/CMakeFiles/CMakeTmp/CheckSymbolExists.c:
/* */
#include <pthread.h>

int main(int argc, char** argv)
{
  (void)argv;
#ifndef pthread_create
  return ((int*)(&pthread_create))[argc];
#else
  (void)argc;
  return 0;
#endif
}

